0 info it worked if it ends with ok
1 verbose cli [ 'C:\\Program Files\\nodejs\\node.exe',
1 verbose cli   'C:\\Program Files\\nodejs\\node_modules\\npm\\bin\\npm-cli.js',
1 verbose cli   'run',
1 verbose cli   'dev' ]
2 info using npm@3.10.10
3 info using node@v6.10.3
4 verbose run-script [ 'predev', 'dev', 'postdev' ]
5 info lifecycle gdt-mfg-materialrequest@0.1.0~predev: gdt-mfg-materialrequest@0.1.0
6 silly lifecycle gdt-mfg-materialrequest@0.1.0~predev: no script for predev, continuing
7 info lifecycle gdt-mfg-materialrequest@0.1.0~dev: gdt-mfg-materialrequest@0.1.0
8 verbose lifecycle gdt-mfg-materialrequest@0.1.0~dev: unsafe-perm in lifecycle true
9 verbose lifecycle gdt-mfg-materialrequest@0.1.0~dev: PATH: C:\Program Files\nodejs\node_modules\npm\bin\node-gyp-bin;C:\Users\steven.sherry\Documents\GDT_MFG_MaterialRequest\node_modules\.bin;C:\ProgramData\Oracle\Java\javapath;C:\Program Files\Dell\DW WLAN Card;C:\WINDOWS\system32;C:\WINDOWS;C:\WINDOWS\System32\Wbem;C:\WINDOWS\System32\WindowsPowerShell\v1.0\;C:\Program Files\WIDCOMM\Bluetooth Software\;C:\Program Files\WIDCOMM\Bluetooth Software\syswow64;C:\Program Files (x86)\Intel\Services\IPT\;C:\Program Files (x86)\Common Files\Roxio Shared\OEM\DLLShared\;C:\Program Files (x86)\Common Files\Roxio Shared\OEM\12.0\DLLShared\;C:\Program Files (x86)\Roxio\OEM\AudioCore\;C:\Program Files (x86)\Sennheiser\SoftphoneSDK\;C:\Program Files\Git\cmd;C:\Program Files\nodejs\;C:\Users\steven.sherry\AppData\Local\Microsoft\IEDriverServer_x64_3.4.0;C:\Users\steven.sherry\AppData\Local\Continuum\Anaconda2;C:\Users\steven.sherry\AppData\Local\Continuum\Anaconda2\Scripts;C:\Users\steven.sherry\AppData\Local\Continuum\Anaconda2\Library\bin;C:\Users\steven.sherry\AppData\Local\Microsoft\WindowsApps;C:\Program Files (x86)\Microsoft VS Code\bin;C:\Users\steven.sherry\AppData\Roaming\npm;C:\Users\steven.sherry\AppData\Local\Microsoft\EdgeDriverServer;C:\Users\steven.sherry\AppData\Local\Microsoft\IEDriverServer_x64_3.4.0
10 verbose lifecycle gdt-mfg-materialrequest@0.1.0~dev: CWD: C:\Users\steven.sherry\Documents\GDT_MFG_MaterialRequest
11 silly lifecycle gdt-mfg-materialrequest@0.1.0~dev: Args: [ '/d /s /c',
11 silly lifecycle   'NODE_ENV=development nodemon -w src --exec "babel-node src --presets es2015,stage-0"' ]
12 silly lifecycle gdt-mfg-materialrequest@0.1.0~dev: Returned: code: 1  signal: null
13 info lifecycle gdt-mfg-materialrequest@0.1.0~dev: Failed to exec dev script
14 verbose stack Error: gdt-mfg-materialrequest@0.1.0 dev: `NODE_ENV=development nodemon -w src --exec "babel-node src --presets es2015,stage-0"`
14 verbose stack Exit status 1
14 verbose stack     at EventEmitter.<anonymous> (C:\Program Files\nodejs\node_modules\npm\lib\utils\lifecycle.js:255:16)
14 verbose stack     at emitTwo (events.js:106:13)
14 verbose stack     at EventEmitter.emit (events.js:191:7)
14 verbose stack     at ChildProcess.<anonymous> (C:\Program Files\nodejs\node_modules\npm\lib\utils\spawn.js:40:14)
14 verbose stack     at emitTwo (events.js:106:13)
14 verbose stack     at ChildProcess.emit (events.js:191:7)
14 verbose stack     at maybeClose (internal/child_process.js:886:16)
14 verbose stack     at Process.ChildProcess._handle.onexit (internal/child_process.js:226:5)
15 verbose pkgid gdt-mfg-materialrequest@0.1.0
16 verbose cwd C:\Users\steven.sherry\Documents\GDT_MFG_MaterialRequest
17 error Windows_NT 10.0.14393
18 error argv "C:\\Program Files\\nodejs\\node.exe" "C:\\Program Files\\nodejs\\node_modules\\npm\\bin\\npm-cli.js" "run" "dev"
19 error node v6.10.3
20 error npm  v3.10.10
21 error code ELIFECYCLE
22 error gdt-mfg-materialrequest@0.1.0 dev: `NODE_ENV=development nodemon -w src --exec "babel-node src --presets es2015,stage-0"`
22 error Exit status 1
23 error Failed at the gdt-mfg-materialrequest@0.1.0 dev script 'NODE_ENV=development nodemon -w src --exec "babel-node src --presets es2015,stage-0"'.
23 error Make sure you have the latest version of node.js and npm installed.
23 error If you do, this is most likely a problem with the gdt-mfg-materialrequest package,
23 error not with npm itself.
23 error Tell the author that this fails on your system:
23 error     NODE_ENV=development nodemon -w src --exec "babel-node src --presets es2015,stage-0"
23 error You can get information on how to open an issue for this project with:
23 error     npm bugs gdt-mfg-materialrequest
23 error Or if that isn't available, you can get their info via:
23 error     npm owner ls gdt-mfg-materialrequest
23 error There is likely additional logging output above.
24 verbose exit [ 1, true ]
